2026-01-20 09:40:50,479 - INFO - Loading schools from combined_schools_with_metadata_msa.csv
2026-01-20 09:40:50,498 - INFO - Filtered to 41 private schools
2026-01-20 09:40:50,498 - INFO - Processing 3 schools
2026-01-20 09:40:50,498 - INFO - Scraping https://www.berlin-bilingual-school.de
2026-01-20 09:40:51,718 - INFO - Analyzing Berlin Bilingual School (Integrierte Sekundarschule)
2026-01-20 09:41:12,847 - INFO - Scraping https://www.berlinbritishschool.de
2026-01-20 09:41:27,962 - INFO - Analyzing Berlin British School (Integrierte Sekundarschule)
2026-01-20 09:41:40,797 - INFO - Scraping https://www.metropolitanschool.com
2026-01-20 09:41:44,153 - INFO - Analyzing Berlin Metropolitan School (Integrierte Sekundarschule)
2026-01-20 09:42:07,172 - INFO - Saved summary to school_descriptions_v2/descriptions_summary.csv
2026-01-20 09:42:40,532 - INFO - Loading schools from combined_schools_with_metadata_msa.csv
2026-01-20 09:42:40,549 - INFO - Processing 259 schools
2026-01-20 09:42:40,552 - INFO - Scraping https://www.iss-biesdorf.de
2026-01-20 09:42:41,671 - INFO - Analyzing 15. Schule (Integrierte Sekundarschule)
2026-01-20 09:42:57,496 - INFO - Scraping https://www.11k16.schule
2026-01-20 09:43:04,010 - INFO - Analyzing 16. Schule (Integrierte Sekundarschule)
2026-01-20 09:43:21,543 - INFO - Scraping https://www.gutzmannschule.de
2026-01-20 09:43:26,362 - INFO - Analyzing Albert-Gutzmann-Schule
2026-01-20 09:43:50,449 - INFO - Scraping https://www.albrecht-haushofer-schule.de
2026-01-20 09:43:53,633 - INFO - Analyzing Albrecht-Haushofer-Schule
2026-01-20 09:44:10,865 - INFO - Scraping https://www.albrecht-von-graefe-schule.de
2026-01-20 09:44:12,710 - INFO - Analyzing Albrecht-von-Graefe-Schule (Integrierte Sekundarschule)
2026-01-20 09:44:26,697 - INFO - Scraping https://www.puschkinschule.eu
2026-01-20 09:44:33,184 - INFO - Analyzing Alexander-Puschkin-Schule
2026-01-20 09:44:42,868 - INFO - Scraping https://alfred-nobel-schule.de
2026-01-20 09:44:44,064 - INFO - Analyzing Alfred-Nobel-Schule
2026-01-20 09:45:12,373 - INFO - Scraping https://benjamin-franklin-schule.de
2026-01-20 09:45:15,886 - INFO - Analyzing Benjamin-Franklin-Schule (Integrierte Sekundarschule)
2026-01-20 09:45:39,200 - INFO - Skipping Berlin Bilingual School (Integrierte Sekundarschule) - already processed
2026-01-20 09:45:39,201 - INFO - Skipping Berlin British School (Integrierte Sekundarschule) - already processed
2026-01-20 09:45:39,202 - INFO - Skipping Berlin Metropolitan School (Integrierte Sekundarschule) - already processed
2026-01-20 09:45:39,203 - INFO - Scraping https://www.brecht-oberschule.de
2026-01-20 09:45:50,024 - INFO - Analyzing Bertolt-Brecht-Oberschule (Integrierte Sekundarschule)
2026-01-20 09:46:09,501 - INFO - Scraping https://best-sabel.de
2026-01-20 09:46:13,575 - INFO - Analyzing BEST-Sabel-Oberschule
2026-01-20 09:46:43,089 - INFO - Scraping https://www.bettina-schule.de
2026-01-20 09:46:46,723 - INFO - Analyzing Bettina-von-Arnim-Schule
2026-01-20 09:47:05,057 - INFO - Scraping https://www.broendby.de
2026-01-20 09:47:08,081 - INFO - Analyzing Bröndby-Schule (Integrierte Sekundarschule)
2026-01-20 09:47:24,664 - INFO - Scraping https://canisius.de
2026-01-20 09:47:26,911 - INFO - Analyzing Canisius-Kolleg
2026-01-20 09:47:43,994 - INFO - Scraping https://www.carl-benz-oberschule.de
2026-01-20 09:47:45,470 - INFO - Analyzing Carl-Benz-Schule (Integrierte Sekundarschule)
2026-01-20 09:48:10,436 - INFO - Scraping https://www.carlbosch.de
2026-01-20 09:48:13,797 - INFO - Analyzing Carl-Bosch-Schule
2026-01-20 09:50:14,646 - INFO - Loading schools from combined_schools_with_metadata_msa.csv
2026-01-20 09:50:14,665 - INFO - Filtered to 41 private schools
2026-01-20 09:50:14,665 - INFO - Processing 1 schools
2026-01-20 09:50:14,665 - INFO - Scraping https://www.berlin-bilingual-school.de (private - deep)
2026-01-20 09:50:14,941 - INFO - Analyzing Berlin Bilingual School (Integrierte Sekundarschule) (private)
2026-01-20 09:50:30,158 - INFO - Saved summary to school_descriptions_v2_test/descriptions_summary.csv
2026-01-20 09:50:43,147 - INFO - Loading schools from combined_schools_with_metadata_msa.csv
2026-01-20 09:50:43,162 - INFO - Processing 1 schools
2026-01-20 09:50:43,163 - INFO - Scraping https://www.metropolitanschool.com (private - deep)
2026-01-20 09:50:46,550 - INFO - Analyzing Berlin Metropolitan School (Integrierte Sekundarschule) (private)
2026-01-20 09:51:16,295 - INFO - Saved summary to school_descriptions_v2_test/descriptions_summary.csv
2026-01-20 09:51:31,269 - INFO - Loading schools from combined_schools_with_metadata_msa.csv
2026-01-20 09:51:31,285 - INFO - Processing 1 schools
2026-01-20 09:51:31,285 - INFO - Scraping https://www.iss-biesdorf.de (public - basic)
2026-01-20 09:51:32,343 - INFO - Analyzing 15. Schule (Integrierte Sekundarschule) (public)
2026-01-20 09:51:55,858 - INFO - Saved summary to school_descriptions_v2_test/descriptions_summary.csv
2026-01-20 09:53:01,368 - INFO - Loading schools from combined_schools_with_metadata_msa.csv
2026-01-20 09:53:01,388 - INFO - Processing 259 schools
2026-01-20 09:53:01,389 - INFO - Scraping https://www.iss-biesdorf.de (public - basic)
2026-01-20 09:53:02,414 - INFO - Analyzing 15. Schule (Integrierte Sekundarschule) (public)
2026-01-20 09:53:16,830 - INFO - Scraping https://www.11k16.schule (public - basic)
2026-01-20 09:53:19,502 - INFO - Analyzing 16. Schule (Integrierte Sekundarschule) (public)
2026-01-20 09:53:39,185 - INFO - Scraping https://www.gutzmannschule.de (public - basic)
2026-01-20 09:53:42,969 - INFO - Analyzing Albert-Gutzmann-Schule (public)
2026-01-20 09:53:54,815 - INFO - Scraping https://www.albrecht-haushofer-schule.de (public - basic)
2026-01-20 09:53:57,303 - INFO - Analyzing Albrecht-Haushofer-Schule (public)
2026-01-20 09:54:19,284 - INFO - Scraping https://www.albrecht-von-graefe-schule.de (public - basic)
2026-01-20 09:54:20,892 - INFO - Analyzing Albrecht-von-Graefe-Schule (Integrierte Sekundarschule) (public)
2026-01-20 09:54:37,951 - INFO - Scraping https://www.puschkinschule.eu (public - basic)
2026-01-20 09:54:40,572 - INFO - Analyzing Alexander-Puschkin-Schule (public)
2026-01-20 09:54:58,750 - INFO - Scraping https://alfred-nobel-schule.de (public - basic)
2026-01-20 09:54:59,062 - INFO - Analyzing Alfred-Nobel-Schule (public)
2026-01-20 09:55:20,436 - INFO - Scraping https://benjamin-franklin-schule.de (public - basic)
2026-01-20 09:55:21,942 - INFO - Analyzing Benjamin-Franklin-Schule (Integrierte Sekundarschule) (public)
2026-01-20 09:55:36,508 - INFO - Scraping https://www.berlin-bilingual-school.de (private - deep)
2026-01-20 09:55:36,799 - INFO - Analyzing Berlin Bilingual School (Integrierte Sekundarschule) (private)
2026-01-20 09:55:51,244 - INFO - Scraping https://www.berlinbritishschool.de (private - deep)
2026-01-20 09:55:55,906 - INFO - Analyzing Berlin British School (Integrierte Sekundarschule) (private)
2026-01-20 09:56:26,247 - INFO - Scraping https://www.metropolitanschool.com (private - deep)
2026-01-20 09:56:29,607 - INFO - Analyzing Berlin Metropolitan School (Integrierte Sekundarschule) (private)
2026-01-20 09:56:53,819 - INFO - Scraping https://www.brecht-oberschule.de (public - basic)
2026-01-20 09:56:59,875 - INFO - Analyzing Bertolt-Brecht-Oberschule (Integrierte Sekundarschule) (public)
2026-01-20 09:57:18,069 - INFO - Scraping https://best-sabel.de (private - deep)
2026-01-20 09:57:22,172 - INFO - Analyzing BEST-Sabel-Oberschule (private)
2026-01-20 09:57:42,397 - INFO - Scraping https://www.bettina-schule.de (public - basic)
2026-01-20 09:57:43,208 - INFO - Analyzing Bettina-von-Arnim-Schule (public)
2026-01-20 09:58:05,394 - INFO - Scraping https://www.broendby.de (public - basic)
2026-01-20 09:58:07,685 - INFO - Analyzing Bröndby-Schule (Integrierte Sekundarschule) (public)
2026-01-20 09:58:30,895 - INFO - Scraping https://canisius.de (private - deep)
2026-01-20 09:58:32,997 - INFO - Analyzing Canisius-Kolleg (private)
2026-01-20 09:58:49,348 - INFO - Scraping https://www.carl-benz-oberschule.de (public - basic)
2026-01-20 09:58:51,887 - INFO - Analyzing Carl-Benz-Schule (Integrierte Sekundarschule) (public)
2026-01-20 09:59:13,498 - INFO - Scraping https://www.carlbosch.de (public - basic)
2026-01-20 09:59:15,728 - INFO - Analyzing Carl-Bosch-Schule (public)
2026-01-20 09:59:31,586 - INFO - Scraping https://www.carlo-schmid-oberschule.de (public - basic)
2026-01-20 09:59:34,564 - INFO - Analyzing Carlo-Schmid-Oberschule (Integrierte Sekundarschule) (public)
2026-01-20 10:00:02,404 - INFO - Scraping https://www.carl-zeiss-oberschule.de (public - basic)
2026-01-20 10:00:05,515 - INFO - Analyzing Carl-Zeiss-Schule (public)
2026-01-20 10:00:22,372 - INFO - Scraping https://cdf-oberschule.de (public - basic)
2026-01-20 10:00:25,738 - INFO - Analyzing Caspar-David-Friedrich-Schule (public)
2026-01-20 10:00:43,673 - INFO - Scraping https://www.clay-schule.de (public - basic)
2026-01-20 10:00:45,845 - INFO - Analyzing Clay-Schule (public)
2026-01-20 10:01:03,005 - INFO - Scraping https://www.eko-online.net (public - basic)
2026-01-20 10:01:03,109 - WARNING - Certificate did not match expected hostname: www.eko-online.net. Certificate: {'subject': ((('commonName', '*.kasserver.com'),),), 'issuer': ((('countryName', 'GB'),), (('organizationName', 'Sectigo Limited'),), (('commonName', 'Sectigo Public Server Authentication CA DV R36'),)), 'version': 3, 'serialNumber': 'EEA1A029C2D378BCBB1F6E761E8DB33F', 'notBefore': 'Dec  4 00:00:00 2025 GMT', 'notAfter': 'Jan  4 23:59:59 2027 GMT', 'subjectAltName': (('DNS', '*.kasserver.com'), ('DNS', 'kasserver.com')), 'OCSP': ('http://ocsp.sectigo.com',), 'caIssuers': ('http://crt.sectigo.com/SectigoPublicServerAuthenticationCADVR36.crt',)}
2026-01-20 10:01:03,109 - WARNING - Error fetching https://www.eko-online.net: HTTPSConnectionPool(host='www.eko-online.net', port=443): Max retries exceeded with url: / (Caused by SSLError(CertificateError("hostname 'www.eko-online.net' doesn't match either of '*.kasserver.com', 'kasserver.com'")))
2026-01-20 10:01:03,110 - INFO - Analyzing Ellen-Key-Schule (public)
2026-01-20 10:01:13,635 - INFO - Scraping https://elsa-neumann-schule.de (public - basic)
2026-01-20 10:01:14,947 - INFO - Analyzing Elsa-Neumann-Schule (Integrierte Sekundarschule) (public)
2026-01-20 10:01:39,338 - INFO - Scraping https://eschke-schule.de (public - basic)
2026-01-20 10:01:48,644 - INFO - Analyzing Ernst-Adolf-Eschke-Schule für Gehörlose (public)
2026-01-20 10:02:06,614 - INFO - Scraping https://www.haeckel-os.de (public - basic)
2026-01-20 11:44:59,089 - INFO - Analyzing Ernst-Haeckel-Schule (public)
2026-01-20 11:45:16,310 - INFO - Scraping https://ernst-reuter-schule.berlin (public - basic)
2026-01-20 11:45:18,226 - INFO - Analyzing Ernst-Reuter-Schule (public)
2026-01-20 11:45:33,847 - INFO - Scraping https://ernst-schering-schule.de (public - basic)
2026-01-20 11:45:39,193 - INFO - Analyzing Ernst-Schering-Schule (public)
2026-01-20 11:45:55,158 - INFO - Scraping https://www.ev-schule-charlottenburg.de (private - deep)
2026-01-20 11:46:01,401 - INFO - Analyzing Evangelische Schule Charlottenburg (Integrierte Sekundarschule) (private)
2026-01-20 11:46:18,762 - INFO - Scraping https://evangelische-schule-neukoelln.de (private - deep)
2026-01-20 11:46:21,093 - INFO - Analyzing Evangelische Schule Neukölln (Integrierte Sekundarschule) (private)
2026-01-20 11:46:46,389 - INFO - Scraping https://www.ev-schule-spandau.de (private - deep)
2026-01-20 11:46:52,334 - INFO - Analyzing Evangelische Schule Spandau im Johannesstift (private)
2026-01-20 11:47:13,304 - INFO - Scraping https://www.ev-schule-steglitz.de (private - deep)
2026-01-20 11:47:20,148 - INFO - Analyzing Evangelische Schule Steglitz (Integrierte Sekundarschule) (private)
2026-01-20 11:47:42,957 - INFO - Scraping https://www.ferdinand-freiligrath-schule.de (public - basic)
2026-01-20 11:47:43,592 - INFO - Analyzing Ferdinand-Freiligrath-Schule (Integrierte Sekundarschule) (public)
2026-01-20 11:48:08,478 - INFO - Scraping https://flatow-os.de (public - basic)
2026-01-20 11:48:10,902 - INFO - Analyzing Flatow-Oberschule (public)
2026-01-20 11:48:26,046 - INFO - Scraping https://freieschule-mahlsdorf.de (private - deep)
2026-01-20 11:48:30,012 - INFO - Analyzing Freie Schule Berlin Mahlsdorf (private)
2026-01-20 11:48:45,073 - INFO - Scraping https://www.freie-schule-charlottenburg.de (private - deep)
2026-01-20 11:48:46,336 - INFO - Analyzing Freie Schule Charlottenburg (private)
2026-01-20 11:49:07,847 - INFO - Scraping https://www.freie-schule-pankow.de (private - deep)
2026-01-20 11:49:08,489 - INFO - Analyzing Freie Schule Pankow (Integrierte Sekundarschule) (private)
2026-01-20 11:49:30,960 - INFO - Scraping https://www.fosberlin.eu (public - basic)
2026-01-20 11:49:37,559 - INFO - Analyzing Friedensburg-Schule (public)
2026-01-20 11:49:54,801 - INFO - Scraping https://www.Friedrich-Bergius-Schule.de (public - basic)
2026-01-20 11:49:56,009 - INFO - Analyzing Friedrich-Bergius-Schule (public)
2026-01-20 11:50:11,960 - INFO - Scraping https://www.fritz-kuehn-schule.de (public - basic)
2026-01-20 11:50:16,404 - INFO - Analyzing Fritz-Kühn-Schule (Integrierte Sekundarschule) (public)
2026-01-20 11:50:41,512 - INFO - Scraping https://www.Fritz-Reuter-Oberschule.de (public - basic)
2026-01-20 11:50:44,932 - INFO - Analyzing Fritz-Reuter-Schule (public)
2026-01-20 11:51:02,834 - INFO - Scraping https://www.halvorsen-schule.de (public - basic)
2026-01-20 11:51:02,927 - WARNING - Error fetching https://www.halvorsen-schule.de: HTTPSConnectionPool(host='www.halvorsen-schule.de', port=443): Max retries exceeded with url: / (Caused by NewConnectionError('<urllib3.connection.HTTPSConnection object at 0x10c38aa00>: Failed to establish a new connection: [Errno 61] Connection refused'))
2026-01-20 11:51:02,927 - INFO - Analyzing Gail-S.-Halvorsen-Integrierte Sekundarschule (public)
2026-01-20 11:51:19,487 - INFO - Scraping https://www.georg-klingenberg.schule (public - basic)
2026-01-20 11:51:22,295 - INFO - Analyzing Georg-Klingenberg-Schule (public)
2026-01-20 11:51:39,493 - INFO - Scraping https://gvg.georg-von-giesche-schule.de (public - basic)
2026-01-20 11:51:41,545 - INFO - Analyzing Georg-von-Giesche-Schule (public)
2026-01-20 11:51:55,639 - INFO - Scraping https://www.georg-weerth-schule.de (public - basic)
2026-01-20 11:51:57,216 - INFO - Analyzing Georg-Weerth-Schule (public)
2026-01-20 11:52:16,321 - INFO - Scraping https://www.gustave-eiffel-schule.de (public - basic)
2026-01-20 11:52:17,602 - INFO - Analyzing Gustave-Eiffel-Schule (public)
2026-01-20 11:52:35,097 - INFO - Scraping https://www.gustav-freytag-schule.berlin (public - basic)
2026-01-20 11:52:36,891 - INFO - Analyzing Gustav-Freytag-Schule (Integrierte Sekundarschule) (public)
2026-01-20 11:52:55,128 - INFO - Scraping https://gho.berlin (public - basic)
2026-01-20 11:52:56,577 - INFO - Analyzing Gustav-Heinemann-Oberschule (public)
2026-01-20 11:53:19,929 - INFO - Scraping https://www.gustav-langenscheidt-schule.de (public - basic)
2026-01-20 11:53:21,114 - INFO - Analyzing Gustav-Langenscheidt-Schule (public)
2026-01-20 11:53:41,224 - INFO - Scraping https://www.gutenberg-oberschule-berlin.de (public - basic)
2026-01-20 11:53:43,002 - INFO - Analyzing Gutenberg-Schule (public)
2026-01-20 11:54:02,946 - INFO - Scraping https://www.hagenbeck-schule.de (public - basic)
2026-01-20 11:54:04,115 - INFO - Analyzing Hagenbeck-Schule (public)
2026-01-20 11:54:24,413 - INFO - Scraping https://hans-grade-schule.de (public - basic)
2026-01-20 11:54:26,509 - INFO - Analyzing Hans-Grade-Schule (Integrierte Sekundarschule) (public)
2026-01-20 11:54:55,925 - INFO - Scraping https://hps-berlin.schule (public - basic)
2026-01-20 11:54:57,405 - INFO - Analyzing Hector-Peterson-Schule (public)
2026-01-20 11:55:18,853 - INFO - Scraping https://hedwig-dohm-os.de (public - basic)
2026-01-20 11:55:29,113 - INFO - Analyzing Hedwig-Dohm-Schule (Integrierte Sekundarschule) (public)
2026-01-20 11:55:43,938 - INFO - Scraping https://boell-schule.de (public - basic)
2026-01-20 11:55:45,654 - INFO - Analyzing Heinrich-Böll-Oberschule (Integrierte Sekundarschule) (public)
2026-01-20 11:56:17,778 - INFO - Scraping https://heinrichmannschule.de (public - basic)
2026-01-20 11:56:19,000 - INFO - Analyzing Heinrich-Mann-Schule (public)
2026-01-20 11:56:35,323 - INFO - Scraping https://heinz-brandt-schule.de (public - basic)
2026-01-20 11:56:35,910 - INFO - Analyzing Heinz-Brandt-Schule (public)
2026-01-20 11:56:59,307 - INFO - Scraping https://www.helene-lange-schule-steglitz.de (public - basic)
2026-01-20 11:56:59,976 - WARNING - Error fetching https://www.helene-lange-schule-steglitz.de: 403 Client Error: Forbidden for url: https://www.helene-lange-schule-steglitz.de/
2026-01-20 11:56:59,976 - INFO - Analyzing Helene-Lange-Schule (Integrierte Sekundarschule) (public)
2026-01-20 11:57:09,290 - INFO - Scraping https://www.hemingway-schule.de (public - basic)
2026-01-20 11:57:14,187 - INFO - Analyzing Hemingway-Schule (public)
2026-01-20 11:57:36,714 - INFO - Scraping https://www.hhs-berlin.de (public - basic)
2026-01-20 11:57:38,619 - INFO - Analyzing Herbert-Hoover-Schule (Integrierte Sekundarschule) (public)
2026-01-20 11:58:02,170 - INFO - Scraping https://www.hvhschule.de (public - basic)
2026-01-20 11:58:05,975 - INFO - Analyzing Hermann-von-Helmholtz-Schule (public)
2026-01-20 11:58:21,191 - INFO - Scraping https://www.hufelandschule.berlin (public - basic)
2026-01-20 11:58:21,360 - INFO - Analyzing Hufeland-Schule (Integrierte Sekundarschule) (public)
2026-01-20 11:58:43,062 - INFO - Scraping https://www.hugo-gaudig-schule.de (public - basic)
2026-01-20 11:58:45,259 - INFO - Analyzing Hugo-Gaudig-Schule (public)
2026-01-20 11:59:04,148 - INFO - Scraping https://www.iss-mahlsdorf.de (public - basic)
2026-01-20 11:59:08,564 - INFO - Analyzing Integrierte Sekundarschule Mahlsdorf (public)
2026-01-20 11:59:27,267 - INFO - Scraping https://www.sekundarschule-wilmersdorf.de (public - basic)
2026-01-20 11:59:29,582 - INFO - Analyzing Integrierte Sekundarschule Wilmersdorf (public)
2026-01-20 11:59:51,247 - INFO - Scraping https://www.isaac-newton-schule.de (public - basic)
2026-01-20 11:59:55,430 - INFO - Analyzing Isaac-Newton-Schule (Integrierte Sekundarschule) (public)
2026-01-20 12:00:13,102 - INFO - Scraping https://jks-pankow.de (public - basic)
2026-01-20 12:00:14,366 - INFO - Analyzing Janusz-Korczak-Schule (Integrierte Sekundarschule) (public)
2026-01-20 12:00:31,669 - INFO - Scraping https://www.jks.berlin (public - basic)
2026-01-20 12:00:32,957 - INFO - Analyzing Jean-Krämer-Schule (Integrierte Sekundarschule) Wittenau (public)
2026-01-20 12:00:53,344 - INFO - Scraping https://www.piaget-schule-berlin.de (public - basic)
2026-01-20 12:00:53,436 - WARNING - Error fetching https://www.piaget-schule-berlin.de: HTTPSConnectionPool(host='www.piaget-schule-berlin.de', port=443): Max retries exceeded with url: / (Caused by NewConnectionError('<urllib3.connection.HTTPSConnection object at 0x1069fa190>: Failed to establish a new connection: [Errno 61] Connection refused'))
2026-01-20 12:00:53,436 - INFO - Analyzing Jean-Piaget-Schule (public)
2026-01-20 12:01:03,129 - INFO - Scraping https://johanna-eck-schule.de (public - basic)
2026-01-20 12:01:05,066 - INFO - Analyzing Johanna-Eck-Schule (Integrierte Sekundarschule) (public)
2026-01-20 12:01:33,265 - INFO - Scraping https://www.johann-julius-hecker-schule.de (public - basic)
2026-01-20 12:01:35,121 - INFO - Analyzing Johann-Julius-Hecker-Schule (public)
2026-01-20 12:01:53,417 - INFO - Scraping https://jfks.de (public - basic)
2026-01-20 12:01:55,908 - INFO - Analyzing John-F.-Kennedy-Schule (public)
2026-01-20 12:02:10,360 - INFO - Scraping https://www.jschule.de (private - deep)
2026-01-20 12:02:13,403 - INFO - Analyzing Jüdische Traditionsschule (private)
2026-01-20 12:02:29,192 - INFO - Scraping https://jgmm.de (private - deep)
2026-01-20 12:02:31,480 - INFO - Analyzing Jüdisches Gymnasium Moses Mendelssohn (private)
2026-01-20 12:02:47,285 - INFO - Scraping https://www.jls-berlin.de (public - basic)
2026-01-20 12:02:51,254 - INFO - Analyzing Julius-Leber-Schule (public)
2026-01-20 12:03:07,044 - INFO - Scraping https://salvator.net;%20https://salvator-grundschule.de (private - deep)
2026-01-20 12:03:07,066 - WARNING - Error fetching https://salvator.net;%20https://salvator-grundschule.de: HTTPSConnectionPool(host='salvator.net;%20https', port=443): Max retries exceeded with url: /salvator-grundschule.de (Caused by NameResolutionError("<urllib3.connection.HTTPSConnection object at 0x106111d00>: Failed to resolve 'salvator.net;%20https' ([Errno 8] nodename nor servname provided, or not known)"))
2026-01-20 12:03:07,066 - INFO - Analyzing Katholische Schule Salvator (private)
2026-01-20 12:03:24,208 - INFO - Scraping https://kssf-berlin.de (private - deep)
2026-01-20 12:03:28,099 - INFO - Analyzing Katholische Schule Sankt Franziskus (Integrierte Sekundarschule) (private)
2026-01-20 12:03:47,895 - INFO - Scraping https://marienschule-berlin.de (private - deep)
2026-01-20 12:03:50,351 - INFO - Analyzing Katholische Schule Sankt Marien (private)
2026-01-20 12:04:08,605 - INFO - Scraping https://kepler-schule.de (public - basic)
2026-01-20 12:04:15,318 - INFO - Analyzing Kepler-Schule (public)
2026-01-20 12:04:34,751 - INFO - Scraping https://www.k-iss.de (public - basic)
2026-01-20 12:04:35,755 - INFO - Analyzing Kerschensteiner-Schule (public)
2026-01-20 12:04:51,604 - INFO - Scraping https://www.koenigin-luise-stiftung.de (private - deep)
2026-01-20 12:04:53,981 - INFO - Analyzing Königin-Luise-Stiftung (private)
2026-01-20 12:05:12,674 - INFO - Scraping https://www.isskd.de (public - basic)
2026-01-20 12:05:14,052 - INFO - Analyzing Konrad-Duden-Schule (Integrierte Sekundarschule) (public)
2026-01-20 12:05:37,434 - INFO - Scraping https://www.konrad-wachsmann-schule.de (public - basic)
2026-01-20 12:05:42,229 - INFO - Analyzing Konrad-Wachsmann-Schule (public)
2026-01-20 12:06:06,180 - INFO - Scraping https://www.kopernikus-oberschule.de (public - basic)
2026-01-20 12:06:07,005 - INFO - Analyzing Kopernikus-Schule (Integrierte Sekundarschule) (public)
2026-01-20 12:06:24,855 - INFO - Scraping https://iss.adkosmos.eu (public - basic)
2026-01-20 12:06:27,007 - INFO - Analyzing Kosmos-Schule (Integrierte Sekundarschule) (public)
2026-01-20 12:06:41,732 - INFO - Scraping https://www.kurt-schwitters.schule (public - basic)
2026-01-20 12:06:44,639 - INFO - Analyzing Kurt-Schwitters-Schule (public)
2026-01-20 12:07:04,370 - INFO - Scraping https://www.kto-berlin.de (public - basic)
2026-01-20 12:07:07,374 - INFO - Analyzing Kurt-Tucholsky-Schule (Integrierte Sekundarschule) (public)
2026-01-20 12:07:29,589 - INFO - Scraping https://www.martin-buber-oberschule.de (public - basic)
2026-01-20 12:07:31,863 - INFO - Analyzing Martin-Buber-Oberschule (Integrierte Sekundarschule) (public)
2026-01-20 12:07:56,539 - INFO - Scraping https://www.m-b-o.net (public - basic)
2026-01-20 12:07:56,650 - WARNING - Error fetching https://www.m-b-o.net: HTTPSConnectionPool(host='www.m-b-o.net', port=443): Max retries exceeded with url: / (Caused by SSLError(SSLError(1, '[SSL: TLSV1_UNRECOGNIZED_NAME] tlsv1 unrecognized name (_ssl.c:1129)')))
2026-01-20 12:07:56,651 - INFO - Analyzing Max-Beckmann-Schule (Integrierte Sekundarschule) (public)
2026-01-20 12:08:05,027 - INFO - Scraping https://www.max-von-laue-oberschule.de (public - basic)
2026-01-20 12:08:07,168 - INFO - Analyzing Max-von-Laue-Schule (public)
2026-01-20 12:08:33,098 - INFO - Scraping https://May-Ayim-Schule.de (public - basic)
2026-01-20 12:08:38,868 - INFO - Analyzing May-Ayim-Schule (Integrierte Sekundarschule) (public)
2026-01-20 12:08:55,079 - INFO - Scraping https://www.merian.schule (public - basic)
2026-01-20 12:08:55,216 - INFO - Analyzing Merian-Schule (Integrierte Sekundarschule) (public)
2026-01-20 12:09:05,176 - INFO - Scraping https://www.mildred-harnack-schule.de (public - basic)
2026-01-20 12:09:08,766 - INFO - Analyzing Mildred-Harnack-Schule (public)
2026-01-20 12:09:21,959 - INFO - Scraping https://montessori-tegel.de (private - deep)
2026-01-20 12:09:23,729 - INFO - Analyzing Montessori Campus am Tegeler Forst (private)
2026-01-20 12:09:39,250 - INFO - Scraping https://www.nelson-mandela-schule.net (public - basic)
2026-01-20 12:09:42,011 - INFO - Analyzing Nelson-Mandela-Schule (public)
2026-01-20 12:10:00,213 - INFO - Scraping https://www.newschool.de (private - deep)
2026-01-20 12:10:00,765 - INFO - Analyzing NEWSchool (Integrierte Sekundarschule) (KEIN Schulbetrieb) (private)
2026-01-20 12:10:09,704 - INFO - Scraping https://ohs.berlin (public - basic)
2026-01-20 12:10:11,814 - INFO - Analyzing Otto-Hahn-Schule (public)
2026-01-20 12:10:31,954 - INFO - Scraping https://www.ovgos.de (public - basic)
2026-01-20 12:10:34,120 - INFO - Analyzing Otto-von-Guericke-Schule (Integrierte Sekundarschule) (public)
2026-01-20 12:10:49,438 - INFO - Scraping https://www.paul-loebe-schule.de (public - basic)
2026-01-20 12:10:51,119 - INFO - Analyzing Paul-Löbe-Schule (public)
2026-01-20 12:11:11,198 - INFO - Scraping https://www.paul-schmidt-schule.de (public - basic)
2026-01-20 12:11:13,672 - INFO - Analyzing Paul-Schmidt-Schule (Integrierte Sekundarschule) (public)
2026-01-20 12:11:38,124 - INFO - Scraping https://www.pfefferwerk.de (private - deep)
2026-01-20 12:11:44,624 - INFO - Analyzing PepperMont Freie Sekundarschule für ganzheitliches Lernen (private)
2026-01-20 12:12:00,534 - INFO - Scraping https://www.pestalozzi-schule-berlin.de (public - basic)
2026-01-20 12:12:01,652 - INFO - Analyzing Pestalozzi-Schule (public)
2026-01-20 12:12:21,105 - INFO - Scraping https://peter-ustinov-schule.de (public - basic)
2026-01-20 12:12:24,850 - INFO - Analyzing Peter-Ustinov-Schule (public)
2026-01-20 12:12:54,364 - INFO - Scraping https://www.philipp-reis-oberschule.de (public - basic)
2026-01-20 12:12:56,072 - INFO - Analyzing Philipp-Reis-Schule (Integrierte Sekundarschule) (public)
2026-01-20 12:13:10,401 - INFO - Scraping https://goethe-grundschule.bifiz.de (private - deep)
2026-01-20 12:13:17,146 - INFO - Analyzing Private Goethe-Schulen (private)
2026-01-20 12:13:34,734 - INFO - Scraping https://www.kant-oberschule.de (private - deep)
2026-01-20 12:13:41,853 - INFO - Analyzing Private Kant-Schule (private)
2026-01-20 12:14:01,037 - INFO - Scraping https://www.berlin-international-school.de (private - deep)
2026-01-20 12:29:51,924 - WARNING - Error fetching https://www.berlin-international-school.de: HTTPSConnectionPool(host='www.berlin-international-school.de', port=443): Read timed out. (read timeout=30)
2026-01-20 12:29:51,925 - INFO - Analyzing Private Kant-Schule - Berlin International School (private)
2026-01-20 12:30:06,975 - INFO - Scraping https://www.quinoa-bildung.de (private - deep)
2026-01-20 12:46:05,134 - WARNING - Error fetching https://www.quinoa-bildung.de/schule/aufnahme-rundgang-lage/: HTTPSConnectionPool(host='www.quinoa-bildung.de', port=443): Read timed out. (read timeout=30)
2026-01-20 12:46:05,638 - INFO - Analyzing Quinoa-Schule Freie Sekundarschule Berlin Wedding (private)
2026-01-20 12:46:25,279 - INFO - Scraping https://www.refik-veseli-schule.eu (public - basic)
2026-01-20 12:46:26,577 - INFO - Analyzing Refik-Veseli-Schule (Integrierte Sekundarschule) (public)
2026-01-20 12:46:53,544 - INFO - Scraping https://www.reinhold-burger-schule.de (public - basic)
2026-01-20 12:46:56,151 - INFO - Analyzing Reinhold-Burger-Schule (public)
2026-01-20 12:47:12,897 - INFO - Scraping https://www.Robert-Jungk-Oberschule.de (public - basic)
2026-01-20 12:47:14,453 - INFO - Analyzing Robert-Jungk-Schule (public)
2026-01-20 12:47:28,756 - INFO - Scraping https://www.roentgen-sekundarschule.de (public - basic)
2026-01-20 12:47:28,913 - WARNING - Error fetching https://www.roentgen-sekundarschule.de: 403 Client Error: Forbidden for url: https://www.roentgen-sekundarschule.de/
2026-01-20 12:47:28,913 - INFO - Analyzing Röntgen-Schule (public)
2026-01-20 12:47:45,256 - INFO - Scraping https://www.rvo-berlin.de (public - basic)
2026-01-20 12:47:51,561 - INFO - Analyzing Rudolf-Virchow-Schule (public)
2026-01-20 12:48:22,533 - INFO - Scraping https://www.schillingschule.de (public - basic)
2026-01-20 12:48:23,946 - INFO - Analyzing Schilling-Schule (public)
2026-01-20 12:48:39,033 - INFO - Scraping https://www.slzb.de (public - basic)
2026-01-20 12:48:39,816 - INFO - Analyzing Schul- und Leistungssportzentrum Berlin (Sportforum) (public)
2026-01-20 12:48:58,804 - INFO - Scraping https://schule-am-berlinickeplatz.de (public - basic)
2026-01-20 12:48:59,785 - INFO - Analyzing Schule am Berlinickeplatz (Integrierte Sekundarschule) (public)
2026-01-20 12:49:20,942 - INFO - Scraping https://schule-am-gruenguertel.de (public - basic)
2026-01-20 12:49:21,092 - WARNING - Error fetching https://schule-am-gruenguertel.de: HTTPSConnectionPool(host='schule-am-gruenguertel.de', port=443): Max retries exceeded with url: / (Caused by SSLError(SSLCertVerificationError(1, '[SSL: CERTIFICATE_VERIFY_FAILED] certificate verify failed: unable to get local issuer certificate (_ssl.c:1129)')))
2026-01-20 12:49:21,092 - INFO - Analyzing Schule am Grüngürtel (public)
2026-01-20 12:49:28,477 - INFO - Scraping https://www.schuleamkoenigstor.de (public - basic)
2026-01-20 12:49:29,381 - INFO - Analyzing Schule am Königstor (Integrierte Sekundarschule) (public)
2026-01-20 12:49:47,233 - INFO - Scraping https://schuleamrathaus.de (public - basic)
2026-01-20 12:49:49,555 - INFO - Analyzing Schule am Rathaus (public)
2026-01-20 12:50:03,794 - INFO - Scraping https://schule-am-rosenhain.de (public - basic)
2026-01-20 12:50:18,066 - INFO - Analyzing Schule am Rosenhain (public)
2026-01-20 12:50:33,687 - INFO - Scraping https://www.schule-am-schillerpark.de (public - basic)
2026-01-20 12:50:37,396 - INFO - Analyzing Schule am Schillerpark (Integrierte Sekundarschule) (public)
2026-01-20 12:50:55,892 - INFO - Scraping https://www.schuleamschloss.de (public - basic)
2026-01-20 12:50:56,898 - INFO - Analyzing Schule am Schloss (Integrierte Sekundarschule) (public)
2026-01-20 12:51:12,006 - INFO - Scraping https://www.schuleamstaakenerkleeblatt.de (public - basic)
2026-01-20 12:51:15,780 - INFO - Analyzing Schule am Staakener Kleeblatt (Integrierte Sekundarschule) (public)
2026-01-20 12:51:31,559 - INFO - Scraping https://www.schule-wildgarten.de (public - basic)
2026-01-20 12:51:32,153 - INFO - Analyzing Schule am Wildgarten (public)
2026-01-20 12:51:46,247 - INFO - Scraping https://www.schule-am-zille-park.de (public - basic)
2026-01-20 12:51:50,378 - INFO - Analyzing Schule am Zille-Park (public)
2026-01-20 12:52:07,651 - INFO - Scraping https://www.dahmeschule.de (public - basic)
2026-01-20 12:52:09,130 - INFO - Analyzing Schule an der Dahme (Integrierte Sekundarschule) (public)
2026-01-20 12:52:24,043 - INFO - Scraping https://www.havelduene.berlin (public - basic)
2026-01-20 12:52:26,440 - WARNING - Error fetching https://www.havelduene.berlin/lernangebote/unterrichtsfaecher: HTTPConnectionPool(host='havelduene.berlinlernangebote', port=80): Max retries exceeded with url: /unterrichtsfaecher (Caused by NameResolutionError("<urllib3.connection.HTTPConnection object at 0x1067cc250>: Failed to resolve 'havelduene.berlinlernangebote' ([Errno 8] nodename nor servname provided, or not known)"))
2026-01-20 12:52:26,946 - INFO - Analyzing Schule an der Haveldüne (Integrierte Sekundarschule) (public)
2026-01-20 12:52:47,951 - INFO - Scraping https://www.schule-an-der-jungfernheide.de (public - basic)
2026-01-20 12:52:48,837 - INFO - Analyzing Schule an der Jungfernheide (Integrierte Sekundarschule) (public)
2026-01-20 12:53:06,900 - INFO - Scraping https://www.schule-an-der-windmuehle.de (public - basic)
2026-01-20 12:53:08,035 - INFO - Analyzing Schule an der Windmühle (public)
2026-01-20 12:53:21,751 - INFO - Scraping https://schule-am-tierpark.de (public - basic)
2026-01-20 12:53:29,784 - INFO - Analyzing Schule-am-Tierpark (Integrierte Sekundarschule) (public)
2026-01-20 12:53:54,159 - INFO - Scraping https://www.christburg-campus.de (private - deep)
2026-01-20 12:53:55,686 - INFO - Analyzing Schulen Christburg Campus Prenzlauer Berg (private)
2026-01-20 12:54:21,035 - INFO - Scraping https://www.swissinternationalschool.de (private - deep)
2026-01-20 12:54:22,622 - INFO - Analyzing SIS Swiss International School Berlin (private)
2026-01-20 12:54:37,938 - INFO - Scraping https://www.solling-schule.de (public - basic)
2026-01-20 12:54:38,088 - INFO - Analyzing Solling-Schule (public)
2026-01-20 12:54:45,917 - INFO - Scraping https://sophie-scholl-schule.eu (public - basic)
2026-01-20 12:54:48,057 - INFO - Analyzing Sophie-Scholl-Schule (public)
2026-01-20 12:55:06,300 - INFO - Scraping https://www.sportschule-olympiapark.de (public - basic)
2026-01-20 12:55:06,509 - WARNING - Error fetching https://www.sportschule-olympiapark.de: 403 Client Error: Forbidden for url: https://www.sportschule-olympiapark.de/
2026-01-20 12:55:06,510 - INFO - Analyzing Sportschule im Olympiapark - Poelchau-Schule (public)
2026-01-20 12:55:19,092 - INFO - Scraping https://www.ballettschule-berlin.de (public - basic)
2026-01-20 12:55:19,197 - WARNING - Error fetching https://www.ballettschule-berlin.de: HTTPSConnectionPool(host='www.ballettschule-berlin.de', port=443): Max retries exceeded with url: / (Caused by SSLError(SSLError(1, '[SSL: SSLV3_ALERT_HANDSHAKE_FAILURE] sslv3 alert handshake failure (_ssl.c:1129)')))
2026-01-20 12:55:19,197 - INFO - Analyzing Staatliche Ballett- und Artistikschule Berlin (public)
2026-01-20 12:55:34,250 - INFO - Scraping https://www.ths-berlin.de (public - basic)
2026-01-20 12:55:34,808 - INFO - Analyzing Theodor-Haubach-Schule (public)
2026-01-20 12:55:54,933 - INFO - Scraping https://ting-schule.de (private - deep)
2026-01-20 12:55:56,484 - INFO - Analyzing Ting-Schule (Integrierte Sekundarschule) (private)
2026-01-20 12:56:08,373 - INFO - Scraping https://www.vincent-van-gogh-schule.de (public - basic)
2026-01-20 12:56:08,443 - WARNING - Error fetching https://www.vincent-van-gogh-schule.de: 403 Client Error: Forbidden for url: https://www.vincent-van-gogh-schule.de/
2026-01-20 12:56:08,443 - INFO - Analyzing Vincent-van-Gogh-Schule (Integrierte Sekundarschule) (public)
2026-01-20 12:56:26,279 - INFO - Scraping https://waldseeschule-berlin.de (public - basic)
2026-01-20 12:56:28,692 - INFO - Analyzing Waldseeschule (public)
2026-01-20 12:56:45,942 - INFO - Scraping https://wangari-maathai-schule.jimdofree.com (public - basic)
2026-01-20 12:56:46,062 - WARNING - Error fetching https://wangari-maathai-schule.jimdofree.com: 403 Client Error: Forbidden for url: https://wangari-maathai-schule.jimdofree.com/
2026-01-20 12:56:46,063 - INFO - Analyzing Wangari-Maathai-Internationale-Schule (public)
2026-01-20 12:56:58,222 - INFO - Scraping https://www.boelsche-berlin.de (public - basic)
2026-01-20 12:57:01,357 - INFO - Analyzing Wilhelm-Bölsche-Schule (Integrierte Sekundarschule) (public)
2026-01-20 12:57:29,558 - INFO - Scraping https://wilhelmstadtschulen.de (private - deep)
2026-01-20 12:57:30,984 - INFO - Analyzing Wilhelmstadt Schulen (private)
2026-01-20 12:57:52,429 - INFO - Scraping https://willkommensschule-txl.de (public - basic)
2026-01-20 12:57:54,257 - INFO - Analyzing Willkommensschule TXL (public)
2026-01-20 12:58:12,873 - INFO - Scraping https://www.willybrandtschule.de (public - basic)
2026-01-20 12:58:13,682 - INFO - Analyzing Willy-Brandt-Schule (public)
2026-01-20 12:58:31,613 - INFO - Scraping https://www.wilma-rudolph.de (public - basic)
2026-01-20 12:58:33,991 - INFO - Analyzing Wilma-Rudolph-Schule (Integrierte Sekundarschule) (public)
2026-01-20 12:59:04,223 - INFO - Scraping https://borchertschule-spandau.de (public - basic)
2026-01-20 12:59:06,100 - WARNING - Error fetching https://borchertschule-spandau.de/?page_id=138: 404 Client Error: Not Found for url: https://borchertschule-spandau.de/?page_id=138
2026-01-20 12:59:06,610 - INFO - Analyzing Wolfgang-Borchert-Schule (Integrierte Sekundarschule) (public)
2026-01-20 12:59:23,324 - INFO - Scraping https://zuckmayer-schule.de (public - basic)
2026-01-20 12:59:25,276 - INFO - Analyzing Zuckmayer-Schule (public)
2026-01-20 12:59:46,566 - INFO - Scraping https://gymnasium09y12.de (public - basic)
2026-01-20 12:59:48,116 - INFO - Analyzing 12. Schule (Gymnasium) (public)
2026-01-20 13:00:05,212 - INFO - Skipping 12. Schule (Gymnasium) - already processed
2026-01-20 13:00:05,214 - INFO - Skipping 12. Schule (Gymnasium) - already processed
2026-01-20 13:00:05,215 - INFO - Scraping https://www.aeo.de (public - basic)
2026-01-20 13:00:08,579 - INFO - Analyzing Albert-Einstein-Gymnasium (public)
2026-01-20 13:00:25,068 - INFO - Scraping https://www.die-schweitzer.de (public - basic)
2026-01-20 13:00:27,369 - INFO - Analyzing Albert-Schweitzer-Gymnasium (public)
2026-01-20 13:18:34,429 - ERROR - Error analyzing Albert-Schweitzer-Gymnasium: HTTPSConnectionPool(host='api.perplexity.ai', port=443): Read timed out. (read timeout=120)
2026-01-20 13:18:37,439 - INFO - Scraping https://albrecht-duerer-gymnasium.de (public - basic)
2026-01-20 13:18:37,910 - INFO - Analyzing Albrecht-Dürer-Gymnasium (public)
2026-01-20 13:18:50,840 - INFO - Scraping https://www.avh.berlin (public - basic)
2026-01-20 13:18:57,290 - INFO - Analyzing Alexander-von-Humboldt-Gymnasium (public)
2026-01-20 13:19:14,809 - INFO - Scraping https://www.andreas-schule.org (public - basic)
2026-01-20 13:19:18,460 - INFO - Analyzing Andreas-Gymnasium (public)
2026-01-20 13:19:37,748 - INFO - Scraping https://www.anne-frank-schule-berlin.de (public - basic)
2026-01-20 13:19:41,703 - INFO - Analyzing Anne-Frank-Gymnasium (public)
2026-01-20 13:19:59,766 - INFO - Scraping https://archenhold.de (public - basic)
2026-01-20 13:20:01,691 - INFO - Analyzing Archenhold-Gymnasium (public)
2026-01-20 13:20:25,675 - INFO - Scraping https://arndt-gymnasium.de (public - basic)
2026-01-20 13:20:27,344 - INFO - Analyzing Arndt-Gymnasium Dahlem (public)
2026-01-20 13:20:53,104 - INFO - Scraping https://www.askanisches-gymnasium.de (public - basic)
2026-01-20 13:20:59,602 - INFO - Analyzing Askanisches Gymnasium (public)
2026-01-20 13:21:17,127 - INFO - Scraping https://www.barnim-gymnasium.net (public - basic)
2026-01-20 13:21:18,593 - INFO - Analyzing Barnim-Gymnasium (public)
2026-01-20 13:21:38,172 - INFO - Scraping https://www.beethoven-gymnasium.eu (public - basic)
2026-01-20 13:21:40,284 - INFO - Analyzing Beethoven-Gymnasium (public)
2026-01-20 13:21:54,485 - INFO - Scraping https://www.cosmopolitanschool.de (private - deep)
2026-01-20 13:22:03,154 - INFO - Analyzing Berlin Cosmopolitan School (private)
2026-01-20 13:22:19,431 - INFO - Scraping https://berlin-mitte.phorms.de (private - deep)
2026-01-20 13:22:21,661 - INFO - Analyzing Bilinguale Schule Phorms Berlin Mitte (private)
2026-01-20 13:22:54,106 - INFO - Scraping https://www.berlin-sued.phorms.de (private - deep)
2026-01-20 13:22:54,285 - WARNING - Error fetching https://www.berlin-sued.phorms.de: HTTPSConnectionPool(host='www.berlin-sued.phorms.de', port=443): Max retries exceeded with url: / (Caused by NameResolutionError("<urllib3.connection.HTTPSConnection object at 0x10cf778e0>: Failed to resolve 'www.berlin-sued.phorms.de' ([Errno 8] nodename nor servname provided, or not known)"))
2026-01-20 13:22:54,285 - INFO - Analyzing Bilinguale Schule Phorms Berlin Süd (private)
2026-01-20 13:23:13,199 - INFO - Scraping https://www.cfvsiemens.de (public - basic)
2026-01-20 13:23:14,121 - INFO - Analyzing Carl-Friedrich-von-Siemens-Gymnasium (public)
2026-01-20 13:23:35,708 - INFO - Scraping https://cvo.berlin (public - basic)
2026-01-20 13:23:37,289 - INFO - Analyzing Carl-von-Ossietzky-Gymnasium (public)
2026-01-20 13:23:52,013 - INFO - Scraping https://www.dathe-gymnasium.de (public - basic)
2026-01-20 13:23:54,030 - INFO - Analyzing Dathe-Gymnasium (public)
2026-01-20 13:24:10,540 - INFO - Scraping https://www.dwgym.berlin (public - basic)
2026-01-20 13:24:13,456 - INFO - Analyzing Diesterweg-Gymnasium (public)
2026-01-20 13:24:43,809 - INFO - Scraping https://www.dreilinden-gymnasium.de (public - basic)
2026-01-20 13:24:45,075 - INFO - Analyzing Dreilinden-Gymnasium (public)
2026-01-20 13:25:00,749 - INFO - Scraping https://droste-berlin.de (public - basic)
2026-01-20 13:25:02,306 - INFO - Analyzing Droste-Hülshoff-Gymnasium (public)
2026-01-20 13:25:20,343 - INFO - Scraping https://eckener-gymnasium.de (public - basic)
2026-01-20 13:25:24,054 - INFO - Analyzing Eckener-Gymnasium (public)
2026-01-20 13:25:41,274 - INFO - Scraping https://www.noether-gymnasium.de (public - basic)
2026-01-20 13:25:46,578 - INFO - Analyzing Emmy-Noether-Gymnasium (public)
2026-01-20 13:26:09,179 - INFO - Scraping https://www.ernst-abbe.de (public - basic)
2026-01-20 13:26:09,303 - WARNING - Error fetching https://www.ernst-abbe.de: 403 Client Error: Forbidden for url: https://www.ernst-abbe.de/
2026-01-20 13:26:09,304 - INFO - Analyzing Ernst-Abbe-Gymnasium (public)
2026-01-20 13:26:19,367 - INFO - Scraping https://www.bertha-von-suttner.de (public - basic)
2026-01-20 13:26:21,330 - INFO - Analyzing Europäisches Gymnasium Bertha-von-Suttner (public)
2026-01-20 13:26:43,130 - INFO - Scraping https://www.ev-frohnau.de (private - deep)
2026-01-20 13:26:48,494 - INFO - Analyzing Evangelische Schule Frohnau (private)
2026-01-20 13:27:04,741 - INFO - Scraping https://www.ev-schule-koepenick.de (private - deep)
2026-01-20 13:27:11,529 - INFO - Analyzing Evangelische Schule Köpenick (Gymnasium) (private)
2026-01-20 13:27:35,967 - INFO - Scraping https://www.graues-kloster.de (private - deep)
2026-01-20 13:27:42,524 - INFO - Analyzing Evangelisches Gymnasium zum Grauen Kloster (private)
2026-01-20 13:27:58,361 - INFO - Scraping https://www.fmbg-berlin.de (public - basic)
2026-01-20 13:28:01,325 - INFO - Analyzing Felix-Mendelssohn-Bartholdy-Gymnasium (public)
2026-01-20 13:28:22,944 - INFO - Scraping https://fichtenberg-oberschule.net (public - basic)
2026-01-20 13:28:31,255 - INFO - Analyzing Fichtenberg-Oberschule (public)
2026-01-20 13:28:53,453 - INFO - Scraping https://www.fg-berlin.eu (public - basic)
2026-01-20 13:28:56,367 - INFO - Analyzing Französisches Gymnasium (public)
2026-01-20 13:29:19,510 - INFO - Scraping https://www.freie-schule-anne-sophie.de (private - deep)
2026-01-20 13:29:20,739 - INFO - Analyzing Freie Schule Anne-Sophie Berlin (private)
2026-01-20 13:29:35,582 - INFO - Scraping https://www.steingymnasium.de (public - basic)
2026-01-20 13:29:36,164 - INFO - Analyzing Freiherr-vom-Stein-Gymnasium (public)
2026-01-20 13:46:36,790 - ERROR - Error analyzing Freiherr-vom-Stein-Gymnasium: HTTPSConnectionPool(host='api.perplexity.ai', port=443): Read timed out. (read timeout=120)
2026-01-20 13:46:39,799 - INFO - Scraping https://feoberlin.de (public - basic)
2026-01-20 13:46:41,323 - INFO - Analyzing Friedrich-Ebert-Gymnasium (public)
2026-01-20 13:46:58,524 - INFO - Scraping https://www.feg.berlin (public - basic)
2026-01-20 13:47:00,605 - INFO - Analyzing Friedrich-Engels-Gymnasium (public)
2026-01-20 13:47:23,541 - INFO - Scraping https://www.gvb-berlin.de (public - basic)
2026-01-20 13:47:26,486 - INFO - Analyzing Gabriele-von-Bülow-Gymnasium (public)
2026-01-20 13:47:42,871 - INFO - Scraping https://www.gemont.de (public - basic)
2026-01-20 13:47:46,480 - INFO - Analyzing Gebrüder-Montgolfier-Gymnasium (public)
2026-01-20 13:48:05,197 - INFO - Scraping https://www.gbgonline.de (public - basic)
2026-01-20 13:48:06,979 - INFO - Analyzing Georg-Büchner-Gymnasium (public)
2026-01-20 13:48:32,156 - INFO - Scraping https://www.haendelgym.de (public - basic)
2026-01-20 13:48:33,010 - INFO - Analyzing Georg-Friedrich-Händel-Gymnasium (public)
2026-01-20 13:48:49,021 - INFO - Scraping https://www.herwegh-gymnasium.de (public - basic)
2026-01-20 13:48:52,090 - INFO - Analyzing Georg-Herwegh-Gymnasium (public)
2026-01-20 13:49:13,200 - INFO - Scraping https://www.ghs-berlin.de (public - basic)
2026-01-20 13:49:17,111 - INFO - Analyzing Gerhart-Hauptmann-Gymnasium (public)
2026-01-20 13:49:35,722 - INFO - Scraping https://goethe-gymnasium.berlin (public - basic)
2026-01-20 13:49:40,149 - INFO - Analyzing Goethe-Gymnasium (public)
2026-01-20 13:49:54,177 - INFO - Scraping https://www.goethe-gymnasium-lichterfelde.de (public - basic)
2026-01-20 13:49:54,387 - INFO - Analyzing Goethe-Gymnasium Lichterfelde (public)
2026-01-20 13:50:07,057 - INFO - Scraping https://www.gks-berlin.de (public - basic)
2026-01-20 13:50:32,841 - INFO - Analyzing Gottfried-Keller-Gymnasium (public)
2026-01-20 13:50:56,281 - INFO - Scraping https://www.gymnasiumsteglitz.de (public - basic)
2026-01-20 13:50:57,852 - INFO - Analyzing Gymnasium Steglitz (public)
2026-01-20 13:51:16,990 - INFO - Scraping https://www.gymnasium-tiergarten.de (public - basic)
2026-01-20 13:51:18,678 - INFO - Analyzing Gymnasium Tiergarten (public)
2026-01-20 13:51:43,727 - INFO - Scraping https://www.hag-berlin.net (public - basic)
2026-01-20 13:51:46,237 - INFO - Analyzing Hannah-Arendt-Gymnasium (public)
2026-01-20 13:52:02,290 - INFO - Scraping https://www.hcg-berlin.de (public - basic)
2026-01-20 13:52:04,489 - INFO - Analyzing Hans-Carossa-Gymnasium (public)
2026-01-20 13:52:25,279 - INFO - Scraping https://www.coppi-gym.de (public - basic)
2026-01-20 13:52:25,441 - INFO - Analyzing Hans-und-Hilde-Coppi-Gymnasium (public)
2026-01-20 13:52:35,032 - INFO - Scraping https://hhgym.de (public - basic)
2026-01-20 13:52:38,953 - INFO - Analyzing Heinrich-Hertz-Gymnasium (public)
2026-01-20 13:53:01,246 - INFO - Scraping https://www.hsg-berlin.de (public - basic)
2026-01-20 13:53:03,225 - INFO - Analyzing Heinrich-Schliemann-Gymnasium (public)
2026-01-20 13:53:23,804 - INFO - Scraping https://www.hbgym.de (public - basic)
2026-01-20 13:53:30,642 - INFO - Analyzing Heinz-Berggruen-Gymnasium (public)
2026-01-20 13:53:44,355 - INFO - Scraping https://www.herder-gymnasium.eu (public - basic)
2026-01-20 13:53:46,386 - INFO - Analyzing Herder-Gymnasium (public)
2026-01-20 13:54:05,472 - INFO - Scraping https://hermann-ehlers-schule.de (public - basic)
2026-01-20 13:54:08,260 - INFO - Analyzing Hermann-Ehlers-Gymnasium (public)
2026-01-20 13:54:24,907 - INFO - Scraping https://hesse-kreuzberg.de (public - basic)
2026-01-20 13:55:38,165 - INFO - Analyzing Hermann-Hesse-Gymnasium (public)
2026-01-20 13:55:57,993 - INFO - Scraping https://www.wegscheider-gymnasium.de (public - basic)
2026-01-20 13:56:01,023 - INFO - Analyzing Hildegard-Wegscheider-Gymnasium (public)
2026-01-20 13:56:20,830 - INFO - Scraping https://www.humboldtschule-berlin.de (public - basic)
2026-01-20 13:56:21,005 - INFO - Analyzing Humboldt-Gymnasium (public)
2026-01-20 13:56:31,684 - INFO - Scraping https://www.kant-gymnasium.de (public - basic)
2026-01-20 13:56:33,919 - INFO - Analyzing Immanuel-Kant-Gymnasium (public)
2026-01-20 13:56:52,753 - INFO - Scraping https://www.idg.berlin (public - basic)
2026-01-20 13:56:53,171 - INFO - Analyzing Inge-Deutschkron-Gymnasium (public)
2026-01-20 14:22:23,094 - ERROR - Error analyzing Inge-Deutschkron-Gymnasium: HTTPSConnectionPool(host='api.perplexity.ai', port=443): Read timed out. (read timeout=120)
2026-01-20 14:22:26,103 - INFO - Scraping https://www.jgherder.de (public - basic)
2026-01-20 14:22:28,788 - INFO - Analyzing Johann-Gottfried-Herder-Gymnasium (public)
2026-01-20 14:22:49,131 - INFO - Scraping https://www.jlgym-berlin.de (public - basic)
2026-01-20 14:22:54,961 - INFO - Analyzing John-Lennon-Gymnasium (public)
2026-01-20 14:23:14,419 - INFO - Scraping https://www.Kant-gymnasium-berlin.de (public - basic)
2026-01-20 14:23:15,034 - INFO - Analyzing Kant-Gymnasium (public)
2026-01-20 14:23:32,283 - INFO - Scraping https://www.kaethe-kollwitz-gymnasium.de (public - basic)
2026-01-20 14:23:34,690 - INFO - Analyzing Käthe-Kollwitz-Gymnasium (public)
2026-01-20 14:23:51,300 - INFO - Scraping https://ksliebfrauen.de (private - deep)
2026-01-20 14:23:53,794 - INFO - Analyzing Katholische Schule Liebfrauen (Gymnasium) (private)
2026-01-20 14:24:09,941 - INFO - Scraping https://www.Theresienschule.de (private - deep)
2026-01-20 14:24:12,757 - INFO - Analyzing Katholische Theresienschule (Gymnasium) (private)
2026-01-20 14:24:42,485 - INFO - Scraping https://www.leibnizschule-berlin.de (public - basic)
2026-01-20 14:24:43,823 - INFO - Analyzing Leibniz-Gymnasium (public)
2026-01-20 14:25:13,640 - INFO - Scraping https://www.leonardo-da-vinci-gymnasium.de (public - basic)
2026-01-20 14:25:16,415 - INFO - Analyzing Leonardo-da-Vinci-Gymnasium (public)
2026-01-20 14:25:32,474 - INFO - Scraping https://lessing-gymnasium-berlin.de (public - basic)
2026-01-20 14:25:36,464 - INFO - Analyzing Lessing-Gymnasium (public)
2026-01-20 14:26:00,578 - INFO - Scraping https://www.lilienthal-gymnasium-berlin.de (public - basic)
2026-01-20 14:26:02,306 - INFO - Analyzing Lilienthal-Gymnasium (public)
2026-01-20 14:26:19,044 - INFO - Scraping https://www.lily-braun-gymnasium.de (public - basic)
2026-01-20 14:26:22,096 - INFO - Analyzing Lily-Braun-Gymnasium (public)
2026-01-20 14:26:40,064 - INFO - Scraping https://www.luise-henriette-berlin.de (public - basic)
2026-01-20 14:26:44,376 - INFO - Analyzing Luise-Henriette-Gymnasium (public)
2026-01-20 14:27:05,811 - INFO - Scraping https://www.ardenne-gymnasium.de (public - basic)
2026-01-20 14:27:08,091 - INFO - Analyzing Manfred-von-Ardenne-Gymnasium (public)
2026-01-20 14:27:20,061 - INFO - Scraping https://www.mcg-berlin.de (public - basic)
2026-01-20 14:27:20,211 - WARNING - Error fetching https://www.mcg-berlin.de: HTTPSConnectionPool(host='www.mcg-berlin.de', port=443): Max retries exceeded with url: / (Caused by SSLError(SSLError(1, '[SSL: TLSV1_ALERT_INTERNAL_ERROR] tlsv1 alert internal error (_ssl.c:1129)')))
2026-01-20 14:27:20,211 - INFO - Analyzing Marie-Curie-Gymnasium (public)
2026-01-20 14:27:27,264 - INFO - Scraping https://max-delbrueck-gymnasium.de (public - basic)
2026-01-20 14:27:29,040 - INFO - Analyzing Max-Delbrück-Gymnasium (public)
2026-01-20 14:27:51,556 - INFO - Scraping https://www.mpg-berlin.de (public - basic)
2026-01-20 14:27:53,191 - INFO - Analyzing Max-Planck-Gymnasium (public)
2026-01-20 14:28:06,033 - INFO - Scraping https://www.melanchthon-schule-berlin.de (public - basic)
2026-01-20 14:28:10,256 - INFO - Analyzing Melanchthon-Gymnasium (public)
2026-01-20 14:28:28,702 - INFO - Scraping https://www.mentora-gymnasium.de (private - deep)
2026-01-20 14:28:28,968 - INFO - Analyzing Mentora Gymnasium (KEIN Schulbetrieb) (private)
2026-01-20 14:28:38,289 - INFO - Scraping https://www.moserschule.de (private - deep)
2026-01-20 14:28:40,627 - INFO - Analyzing Moser-Schule - Schweizer Gymnasium (private)
2026-01-20 14:29:03,125 - INFO - Scraping https://musikgymnasium-berlin.de (public - basic)
2026-01-20 14:29:05,738 - INFO - Analyzing Musikgymnasium Carl Philipp Emanuel Bach (public)
2026-01-20 14:29:17,635 - INFO - Scraping https://ong.berlin (public - basic)
2026-01-20 14:29:22,096 - INFO - Analyzing Otto-Nagel-Gymnasium (public)
2026-01-20 14:29:41,801 - INFO - Scraping https://www.natorp-gymnasium.de (public - basic)
2026-01-20 14:29:44,478 - INFO - Analyzing Paul-Natorp-Gymnasium (public)
2026-01-20 14:29:59,511 - INFO - Scraping https://wp.paulsen-gymnasium.de (public - basic)
2026-01-20 14:30:04,276 - INFO - Analyzing Paulsen-Gymnasium (public)
2026-01-20 14:30:18,416 - INFO - Scraping https://www.plg-berlin.de (public - basic)
2026-01-20 14:30:30,090 - INFO - Analyzing Primo-Levi-Gymnasium (public)
2026-01-20 14:30:45,257 - INFO - Scraping https://www.europa-gymnasium.eu (private - deep)
2026-01-20 14:30:48,152 - INFO - Analyzing Privates Europa-Gymnasium Berlin (private)
2026-01-20 14:31:07,545 - INFO - Scraping https://www.rheingau-gymnasium.de (public - basic)
2026-01-20 14:31:08,961 - INFO - Analyzing Rheingau-Gymnasium (public)
2026-01-20 14:31:27,289 - INFO - Scraping https://www.robert-blum-schule.de (public - basic)
2026-01-20 14:31:30,552 - INFO - Analyzing Robert-Blum-Gymnasium (public)
2026-01-20 14:31:51,507 - INFO - Scraping https://www.robert-havemann-gymnasium.de (public - basic)
2026-01-20 14:31:53,002 - INFO - Analyzing Robert-Havemann-Gymnasium (public)
2026-01-20 14:32:14,396 - INFO - Scraping https://www.robert-koch-gymnasium.berlin (public - basic)
2026-01-20 14:32:19,018 - INFO - Analyzing Robert-Koch-Gymnasium (public)
2026-01-20 14:32:36,190 - INFO - Scraping https://www.romain-rolland-gymnasium.eu (public - basic)
2026-01-20 14:32:36,504 - WARNING - Error fetching https://www.romain-rolland-gymnasium.eu: HTTPSConnectionPool(host='www.romain-rolland-gymnasium.eu', port=443): Max retries exceeded with url: / (Caused by SSLError(SSLCertVerificationError(1, '[SSL: CERTIFICATE_VERIFY_FAILED] certificate verify failed: certificate has expired (_ssl.c:1129)')))
2026-01-20 14:32:36,504 - INFO - Analyzing Romain-Rolland-Gymnasium (public)
2026-01-20 14:32:48,644 - INFO - Scraping https://gymnasium-13.de (public - basic)
2026-01-20 14:32:48,925 - WARNING - Error fetching https://gymnasium-13.de: HTTPSConnectionPool(host='gymnasium-13.de', port=443): Max retries exceeded with url: / (Caused by SSLError(SSLCertVerificationError(1, '[SSL: CERTIFICATE_VERIFY_FAILED] certificate verify failed: certificate has expired (_ssl.c:1129)')))
2026-01-20 14:32:48,925 - INFO - Analyzing Rosalind-Franklin-Gymnasium (public)
2026-01-20 14:33:00,322 - INFO - Scraping https://www.rosa-luxemburg-gymnasium.de (public - basic)
2026-01-20 14:33:04,748 - INFO - Analyzing Rosa-Luxemburg-Gymnasium (public)
2026-01-20 14:33:18,035 - INFO - Scraping https://www.rueckert-gymnasium.berlin (public - basic)
2026-01-20 14:33:18,073 - WARNING - Error fetching https://www.rueckert-gymnasium.berlin: HTTPSConnectionPool(host='www.rueckert-gymnasium.berlin', port=443): Max retries exceeded with url: / (Caused by NameResolutionError("<urllib3.connection.HTTPSConnection object at 0x41b71f1f0>: Failed to resolve 'www.rueckert-gymnasium.berlin' ([Errno 8] nodename nor servname provided, or not known)"))
2026-01-20 14:33:18,073 - INFO - Analyzing Rückert-Gymnasium (public)
2026-01-20 14:33:28,023 - INFO - Scraping https://sartre-gymnasium.de (public - basic)
2026-01-20 14:33:28,774 - INFO - Analyzing Sartre-Gymnasium (public)
2026-01-20 14:33:46,567 - INFO - Scraping https://schadow-gymnasium-berlin.de (public - basic)
2026-01-20 14:33:48,159 - INFO - Analyzing Schadow-Gymnasium (public)
2026-01-20 14:34:01,227 - INFO - Scraping https://www.sgym.de (public - basic)
2026-01-20 14:34:01,378 - WARNING - Certificate did not match expected hostname: www.sgym.de. Certificate: {'subject': ((('commonName', 'ud14.udmedia.de'),),), 'issuer': ((('countryName', 'US'),), (('organizationName', "Let's Encrypt"),), (('commonName', 'R13'),)), 'version': 3, 'serialNumber': '06713DA44F99CC4E2177F6DE378F094249FD', 'notBefore': 'Nov 29 00:18:05 2025 GMT', 'notAfter': 'Feb 27 00:18:04 2026 GMT', 'subjectAltName': (('DNS', 'mail.ud14.udmedia.de'), ('DNS', 'ud14.udmedia.de'), ('DNS', 'www.ud14.udmedia.de')), 'caIssuers': ('http://r13.i.lencr.org/',), 'crlDistributionPoints': ('http://r13.c.lencr.org/126.crl',)}
2026-01-20 14:34:01,379 - WARNING - Error fetching https://www.sgym.de: HTTPSConnectionPool(host='www.sgym.de', port=443): Max retries exceeded with url: / (Caused by SSLError(CertificateError("hostname 'www.sgym.de' doesn't match either of 'mail.ud14.udmedia.de', 'ud14.udmedia.de', 'www.ud14.udmedia.de'")))
2026-01-20 14:34:01,379 - INFO - Analyzing Schiller-Gymnasium (public)
2026-01-20 14:34:13,261 - INFO - Scraping https://www.insel-scharfenberg.de (public - basic)
2026-01-20 14:34:14,647 - INFO - Analyzing Schulfarm Insel Scharfenberg (public)
2026-01-20 14:34:30,031 - INFO - Scraping https://www.scgberlin.de (public - basic)
2026-01-20 14:34:34,843 - INFO - Analyzing Sophie-Charlotte-Gymnasium (public)
2026-01-20 14:34:56,626 - INFO - Scraping https://www.tagore-gymnasium.de (public - basic)
2026-01-20 14:34:56,981 - INFO - Analyzing Tagore-Gymnasium (public)
2026-01-20 14:35:19,511 - INFO - Scraping https://www.tmgberlin.de (public - basic)
2026-01-20 14:35:20,257 - INFO - Analyzing Thomas-Mann-Gymnasium (public)
2026-01-20 14:35:38,873 - INFO - Scraping https://www.ulrich-von-hutten-gymnasium.de (public - basic)
2026-01-20 14:35:42,429 - INFO - Analyzing Ulrich-von-Hutten-Gymnasium (public)
2026-01-20 14:35:57,167 - INFO - Scraping https://www.waldgymnasium.de (public - basic)
2026-01-20 14:35:57,352 - WARNING - Error fetching https://www.waldgymnasium.de: HTTPSConnectionPool(host='www.waldgymnasium.de', port=443): Max retries exceeded with url: / (Caused by SSLError(SSLCertVerificationError(1, '[SSL: CERTIFICATE_VERIFY_FAILED] certificate verify failed: self signed certificate (_ssl.c:1129)')))
2026-01-20 14:35:57,352 - INFO - Analyzing Wald-Gymnasium (public)
2026-01-20 14:36:10,147 - INFO - Scraping https://www.wrg-berlin.de (public - basic)
2026-01-20 14:36:12,575 - INFO - Analyzing Walther-Rathenau-Gymnasium (public)
2026-01-20 14:36:31,801 - INFO - Scraping https://www.siemens-gymnasium-berlin.de (public - basic)
2026-01-20 14:36:34,069 - INFO - Analyzing Werner-von-Siemens-Gymnasium (public)
2026-01-20 14:36:49,937 - INFO - Scraping https://www.wvsiemens-berlin.de (public - basic)
2026-01-20 14:36:54,587 - INFO - Analyzing Wilhelm-von-Siemens-Gymnasium (public)
2026-01-20 14:37:13,266 - INFO - Scraping https://willi-graf-gymnasium.de (public - basic)
2026-01-20 14:37:18,537 - INFO - Analyzing Willi-Graf-Gymnasium (public)
2026-01-20 14:37:42,081 - INFO - Saved summary to school_descriptions_v2/descriptions_summary.csv
2026-01-20 14:45:48,314 - INFO - Merging into master table
2026-01-20 14:45:49,736 - INFO - Saved to combined_schools_with_metadata_msa_with_descriptions_v2.csv
